<?xml version="1.0" encoding="UTF-8"?>
<!-- Generated by org.testng.reporters.JUnitXMLReporter -->
<testsuite ignored="0" hostname="USERMIC-RDKM54R" failures="0" tests="3" name="Test1" time="74.209" errors="0" timestamp="17 Feb 2019 16:53:12 GMT">
  <testcase classname="Group001.Adayroi.com.ValidUserPass" name="test1" time="11.426"/>
  <testcase classname="Group001.Adayroi.com.ValidUserInvalidPass" name="test1" time="9.809"/>
  <testcase classname="RegressionTest.TC_RegressionTest1" name="test1" time="9.811"/>
</testsuite> <!-- Test1 -->
